#
# A fatal error has been detected by the Java Runtime Environment:
#
#  SIGSEGV (0xb) at pc=0x00007fff967d6250, pid=3406, tid=1799
#
# JRE version: Java(TM) SE Runtime Environment (7.0_40-b43) (build 1.7.0_40-b43)
# Java VM: Java HotSpot(TM) 64-Bit Server VM (24.0-b56 mixed mode bsd-amd64 compressed oops)
# Problematic frame:
# C  [libobjc.A.dylib+0x6250]  objc_msgSend+0x10
#
# Failed to write core dump. Core dumps have been disabled. To enable core dumping, try "ulimit -c unlimited" before starting Java again
#
# If you would like to submit a bug report, please visit:
#   http://bugreport.sun.com/bugreport/crash.jsp
# The crash happened outside the Java Virtual Machine in native code.
# See problematic frame for where to report the bug.
#

---------------  T H R E A D  ---------------

Current thread (0x00007ffd43896800):  JavaThread "AppKit Thread" daemon [_thread_in_native, id=1799, stack(0x00007fff59a3c000,0x00007fff5a23c000)]

siginfo:si_signo=SIGSEGV: si_errno=0, si_code=0 (SEGV0), si_addr=0x0000000000000000

Registers:
RAX=0x5dd024008c4287d7, RBX=0x00007ffd42c42e80, RCX=0x00007ffd420120f8, RDX=0x00000000a1a1a1a1
RSP=0x00007fff5a236c10, RBP=0x00007fff5a236c40, RSI=0x00007fff93271527, RDI=0x00007ffd42c42e80
R8 =0x00007ffd428344b0, R9 =0x00000000069fd93d, R10=0x0000000000000000, R11=0x6e616c2f6176616a
R12=0x00007ffd41c476d0, R13=0x00007ffd41c51560, R14=0x00007ffd42839900, R15=0x0000000000000000
RIP=0x00007fff967d6250, EFLAGS=0x0000000000010246, ERR=0x0000000000000000
  TRAPNO=0x000000000000000d

Top of Stack: (sp=0x00007fff5a236c10)
0x00007fff5a236c10:   5dd024008c4287d7 000000015714967e
0x00007fff5a236c20:   00007ffd41c476d0 000000015717bb98
0x00007fff5a236c30:   00007ffd41c51560 00007ffd42839300
0x00007fff5a236c40:   00007fff5a237180 00007fff92a38ae3
0x00007fff5a236c50:   0000000000000000 0000000000000000
0x00007fff5a236c60:   4074000000000000 4080000000000000
0x00007fff5a236c70:   0000000000000000 0000000000000000
0x00007fff5a236c80:   4074000000000000 4080000000000000
0x00007fff5a236c90:   402c000000000000 4030000000000000
0x00007fff5a236ca0:   001c000000000000 4080180000000000
0x00007fff5a236cb0:   00007fff9323793e 0030000000000001
0x00007fff5a236cc0:   0000000000000000 0000000000000000
0x00007fff5a236cd0:   00007ffd42a1b260 4080b00000000000
0x00007fff5a236ce0:   00007ffd41c4aa70 00007fff5a236e60
0x00007fff5a236cf0:   00007ffd41c476d0 00007fff00000000
0x00007fff5a236d00:   401c000000000000 4080180000000000
0x00007fff5a236d10:   00007fff5a236e50 00007fff92a48038
0x00007fff5a236d20:   401c000000000000 4080180000000000
0x00007fff5a236d30:   402c000000000000 4030000000000000
0x00007fff5a236d40:   00007fff5a236e20 00007fff978b5d2d
0x00007fff5a236d50:   00007ffd41c4aa70 00007ffd41c4aa70
0x00007fff5a236d60:   4074000000000000 4080b00000000000
0x00007fff5a236d70:   401c000000000000 4080180000000000
0x00007fff5a236d80:   402c000000000000 4030000000000000
0x00007fff5a236d90:   0000000000000000 0000000000000000
0x00007fff5a236da0:   401c000000000000 4080180000000000
0x00007fff5a236db0:   402c000000000000 4030000000000000
0x00007fff5a236dc0:   0000000000000000 0000000000000000
0x00007fff5a236dd0:   0000000000000000 0000000000000000
0x00007fff5a236de0:   0000000000000000 0000000000000000
0x00007fff5a236df0:   4074000000000000 0000000000000000
0x00007fff5a236e00:   00007ffd41c50120 0000000000000000 

Instructions: (pc=0x00007fff967d6250)
0x00007fff967d6230:   90 90 90 90 90 90 90 90 90 90 90 90 90 90 90 90
0x00007fff967d6240:   48 85 ff 74 2b 40 f6 c7 01 2e 75 3b 4c 8b 1f 50
0x00007fff967d6250:   4d 8b 53 10 89 f0 41 23 02 4d 8b 5c c2 10 ff c0
0x00007fff967d6260:   4d 85 db 74 36 49 3b 33 75 ec 58 41 ff 63 10 90 

Register to memory mapping:

RAX=0x5dd024008c4287d7 is an unknown value
RBX=0x00007ffd42c42e80 is an unknown value
RCX=0x00007ffd420120f8 is an unknown value
RDX=0x00000000a1a1a1a1 is an unknown value
RSP=0x00007fff5a236c10 is pointing into the stack for thread: 0x00007ffd43896800
RBP=0x00007fff5a236c40 is pointing into the stack for thread: 0x00007ffd43896800
RSI=0x00007fff93271527: NSAppKitVersionNumber+0x4f947 in /System/Library/Frameworks/AppKit.framework/Versions/C/AppKit at 0x00007fff928a5000
RDI=0x00007ffd42c42e80 is an unknown value
R8 =0x00007ffd428344b0 is an unknown value
R9 =0x00000000069fd93d is an unknown value
R10=0x0000000000000000 is an unknown value
R11=0x6e616c2f6176616a is an unknown value
R12=0x00007ffd41c476d0 is an unknown value
R13=0x00007ffd41c51560 is an unknown value
R14=0x00007ffd42839900 is an unknown value
R15=0x0000000000000000 is an unknown value


Stack: [0x00007fff59a3c000,0x00007fff5a23c000],  sp=0x00007fff5a236c10,  free space=8171k
Native frames: (J=compiled Java code, j=interpreted, Vv=VM code, C=native code)
C  [libobjc.A.dylib+0x6250]  objc_msgSend+0x10
C  [AppKit+0x193ae3]  -[NSView _recursiveDisplayRectIfNeededIgnoringOpacity:isVisibleRect:rectIsVisibleRectForView:topView:]+0x722
C  [AppKit+0x194a44]  -[NSView _recursiveDisplayRectIfNeededIgnoringOpacity:isVisibleRect:rectIsVisibleRectForView:topView:]+0x1683
C  [AppKit+0x193143]  -[NSThemeFrame _recursiveDisplayRectIfNeededIgnoringOpacity:isVisibleRect:rectIsVisibleRectForView:topView:]+0x13a
C  [AppKit+0x18ed6d]  -[NSView _displayRectIgnoringOpacity:isVisibleRect:rectIsVisibleRectForView:]+0x1243
C  [AppKit+0x158c93]  -[NSView displayIfNeeded]+0x726
C  [AppKit+0x1581cc]  _handleWindowNeedsDisplayOrLayoutOrUpdateConstraints+0x2e2
C  [Foundation+0x74463]  __NSFireTimer+0x60
C  [CoreFoundation+0x50804]  __CFRUNLOOP_IS_CALLING_OUT_TO_A_TIMER_CALLBACK_FUNCTION__+0x14
C  [CoreFoundation+0x5031d]  __CFRunLoopDoTimer+0x22d
C  [CoreFoundation+0x35ad9]  __CFRunLoopRun+0x5f9
C  [CoreFoundation+0x350e2]  CFRunLoopRunSpecific+0x122
C  [HIToolbox+0x5feb4]  RunCurrentEventLoopInMode+0xd1
C  [HIToolbox+0x5fc52]  ReceiveNextEventCommon+0x164
C  [HIToolbox+0x5fae3]  BlockUntilNextEventMatchingListInMode+0x3e
C  [AppKit+0x155533]  _DPSNextEvent+0x2ad
C  [AppKit+0x154df2]  -[NSApplication nextEventMatchingMask:untilDate:inMode:dequeue:]+0x80
C  [libosxapp.dylib+0x16f4]  -[NSApplicationAWT nextEventMatchingMask:untilDate:inMode:dequeue:]+0x7c
C  [AppKit+0x14c1a3]  -[NSApplication run]+0x205
C  [libosxapp.dylib+0x1557]  +[NSApplicationAWT runAWTLoopWithApp:]+0x9c
C  [liblwawt.dylib+0xdb99]  -[AWTStarter starter:]+0x369
C  [Foundation+0x935ca]  __NSThreadPerformPerform+0xe1
C  [CoreFoundation+0x12b31]  __CFRUNLOOP_IS_CALLING_OUT_TO_A_SOURCE0_PERFORM_FUNCTION__+0x11
C  [CoreFoundation+0x12455]  __CFRunLoopDoSources0+0xf5
C  [CoreFoundation+0x357f5]  __CFRunLoopRun+0x315
C  [CoreFoundation+0x350e2]  CFRunLoopRunSpecific+0x122
C  [java+0x73b0]  CreateExecutionEnvironment+0x367
C  [java+0x1b5c]  JLI_Launch+0x7a0
C  [java+0x770d]  main+0x65
C  [java+0x13b4]  start+0x34


---------------  P R O C E S S  ---------------

Java Threads: ( => current thread )
  0x00007ffd44042000 JavaThread "DestroyJavaVM" [_thread_blocked, id=6403, stack(0x0000000106544000,0x0000000106644000)]
  0x00007ffd44066800 JavaThread "LWJGL Application" [_thread_in_native, id=54019, stack(0x00000001574e7000,0x00000001575e7000)]
  0x00007ffd43899000 JavaThread "AWT-Shutdown" [_thread_blocked, id=28931, stack(0x0000000154947000,0x0000000154a47000)]
=>0x00007ffd43896800 JavaThread "AppKit Thread" daemon [_thread_in_native, id=1799, stack(0x00007fff59a3c000,0x00007fff5a23c000)]
  0x00007ffd44012000 JavaThread "Service Thread" daemon [_thread_blocked, id=23043, stack(0x0000000153179000,0x0000000153279000)]
  0x00007ffd44011800 JavaThread "C2 CompilerThread1" daemon [_thread_blocked, id=22531, stack(0x0000000153076000,0x0000000153176000)]
  0x00007ffd44010000 JavaThread "C2 CompilerThread0" daemon [_thread_blocked, id=22019, stack(0x0000000152f73000,0x0000000153073000)]
  0x00007ffd44008000 JavaThread "Signal Dispatcher" daemon [_thread_blocked, id=21507, stack(0x0000000152e70000,0x0000000152f70000)]
  0x00007ffd42022800 JavaThread "Finalizer" daemon [_thread_blocked, id=16899, stack(0x0000000152bab000,0x0000000152cab000)]
  0x00007ffd4201f800 JavaThread "Reference Handler" daemon [_thread_blocked, id=16387, stack(0x0000000152aa8000,0x0000000152ba8000)]

Other Threads:
  0x00007ffd4201f000 VMThread [stack: 0x00000001529a5000,0x0000000152aa5000] [id=15875]
  0x00007ffd44009000 WatcherThread [stack: 0x000000015327c000,0x000000015337c000] [id=23555]

VM state:not at safepoint (normal execution)

VM Mutex/Monitor currently owned by a thread: None

Heap
 PSYoungGen      total 19456K, used 10203K [0x0000000139500000, 0x000000013aa80000, 0x000000014ea80000)
  eden space 16896K, 60% used [0x0000000139500000,0x0000000139ef6ee0,0x000000013a580000)
  from space 2560K, 0% used [0x000000013a800000,0x000000013a800000,0x000000013aa80000)
  to   space 2560K, 0% used [0x000000013a580000,0x000000013a580000,0x000000013a800000)
 ParOldGen       total 43520K, used 0K [0x000000010ea80000, 0x0000000111500000, 0x0000000139500000)
  object space 43520K, 0% used [0x000000010ea80000,0x000000010ea80000,0x0000000111500000)
 PSPermGen       total 21504K, used 5972K [0x0000000109880000, 0x000000010ad80000, 0x000000010ea80000)
  object space 21504K, 27% used [0x0000000109880000,0x0000000109e55340,0x000000010ad80000)

Card table byte_map: [0x000000014ea80000,0x000000014ecaa000] byte_map_base: 0x000000014e233c00

Polling page: 0x0000000106683000

Code Cache  [0x0000000106719000, 0x0000000106989000, 0x0000000109719000)
 total_blobs=369 nmethods=36 adapters=288 free_code_cache=48645Kb largest_free_block=49793088

Compilation events (10 events):
Event: 1.096 Thread 0x00007ffd44010000 nmethod 28 0x00000001067966d0 code [0x0000000106796800, 0x0000000106796878]
Event: 1.096 Thread 0x00007ffd44010000   31             org.lwjgl.Sys::getTimerResolution (9 bytes)
Event: 1.096 Thread 0x00007ffd44011800 nmethod 30 0x00000001067964d0 code [0x0000000106796600, 0x0000000106796678]
Event: 1.096 Thread 0x00007ffd44011800   32             org.lwjgl.DefaultSysImplementation::getTimerResolution (4 bytes)
Event: 1.096 Thread 0x00007ffd44010000 nmethod 31 0x00000001067804d0 code [0x0000000106780600, 0x0000000106780638]
Event: 1.096 Thread 0x00007ffd44010000   33             org.lwjgl.opengl.Sync$RunningAvg::add (38 bytes)
Event: 1.096 Thread 0x00007ffd44011800 nmethod 32 0x00000001067962d0 code [0x0000000106796400, 0x0000000106796458]
Event: 1.096 Thread 0x00007ffd44011800   34   !         org.lwjgl.opengl.Sync::sync (125 bytes)
Event: 1.097 Thread 0x00007ffd44010000 nmethod 33 0x0000000106795f90 code [0x00000001067960e0, 0x00000001067961d8]
Event: 1.111 Thread 0x00007ffd44011800 nmethod 34 0x000000010679b5d0 code [0x000000010679b7c0, 0x000000010679c110]

GC Heap History (0 events):
No events

Deoptimization events (0 events):
No events

Internal exceptions (10 events):
Event: 0.807 Thread 0x00007ffd44066800 Threw 0x0000000139e8b870 at /HUDSON/workspace/jdk7u40-2-build-macosx-amd64-product/jdk7u40/hotspot/src/share/vm/prims/jvm.cpp:1244
Event: 0.811 Thread 0x00007ffd44066800 Threw 0x0000000139ea5438 at /HUDSON/workspace/jdk7u40-2-build-macosx-amd64-product/jdk7u40/hotspot/src/share/vm/prims/jvm.cpp:1244
Event: 0.816 Thread 0x00007ffd44066800 Threw 0x0000000139eb2d40 at /HUDSON/workspace/jdk7u40-2-build-macosx-amd64-product/jdk7u40/hotspot/src/share/vm/prims/jvm.cpp:1244
Event: 0.816 Thread 0x00007ffd44066800 Threw 0x0000000139eb8338 at /HUDSON/workspace/jdk7u40-2-build-macosx-amd64-product/jdk7u40/hotspot/src/share/vm/prims/jvm.cpp:1244
Event: 1.276 Thread 0x00007ffd44066800 Threw 0x0000000139ec21d0 at /HUDSON/workspace/jdk7u40-2-build-macosx-amd64-product/jdk7u40/hotspot/src/share/vm/prims/jvm.cpp:1244
Event: 1.277 Thread 0x00007ffd44066800 Threw 0x0000000139ec7910 at /HUDSON/workspace/jdk7u40-2-build-macosx-amd64-product/jdk7u40/hotspot/src/share/vm/prims/jvm.cpp:1244
Event: 3.149 Thread 0x00007ffd44066800 Threw 0x0000000139edc778 at /HUDSON/workspace/jdk7u40-2-build-macosx-amd64-product/jdk7u40/hotspot/src/share/vm/prims/jvm.cpp:1244
Event: 3.150 Thread 0x00007ffd44066800 Threw 0x0000000139ee1ba8 at /HUDSON/workspace/jdk7u40-2-build-macosx-amd64-product/jdk7u40/hotspot/src/share/vm/prims/jvm.cpp:1244
Event: 3.150 Thread 0x00007ffd44066800 Threw 0x0000000139ee73c8 at /HUDSON/workspace/jdk7u40-2-build-macosx-amd64-product/jdk7u40/hotspot/src/share/vm/prims/jvm.cpp:1244
Event: 3.165 Thread 0x00007ffd44066800 Threw 0x0000000139eed570 at /HUDSON/workspace/jdk7u40-2-build-macosx-amd64-product/jdk7u40/hotspot/src/share/vm/prims/jvm.cpp:1244

Events (10 events):
Event: 3.149 loading class 0x00007ffd42a0cb80
Event: 3.149 loading class 0x00007ffd42a0cb80 done
Event: 3.150 loading class 0x00007ffd42a0b570
Event: 3.150 loading class 0x00007ffd42a0b570 done
Event: 3.150 loading class 0x00007ffd42a0b620
Event: 3.150 loading class 0x00007ffd42a0b620 done
Event: 3.151 loading class 0x000000015173bbe0
Event: 3.151 loading class 0x000000015173bbe0 done
Event: 3.165 loading class 0x00007ffd42c4e360
Event: 3.165 loading class 0x00007ffd42c4e360 done


Dynamic libraries:
0x000000000cfa6000 	/System/Library/Frameworks/Cocoa.framework/Versions/A/Cocoa
0x000000000cfa6000 	/System/Library/Frameworks/Security.framework/Versions/A/Security
0x000000000cfa6000 	/System/Library/Frameworks/ApplicationServices.framework/Versions/A/ApplicationServices
0x000000000cfa6000 	/usr/lib/libz.1.dylib
0x000000000cfa6000 	/usr/lib/libSystem.B.dylib
0x000000000cfa6000 	/usr/lib/libobjc.A.dylib
0x000000000cfa6000 	/System/Library/Frameworks/CoreFoundation.framework/Versions/A/CoreFoundation
0x000000000cfa6000 	/System/Library/Frameworks/Foundation.framework/Versions/C/Foundation
0x000000000cfa6000 	/System/Library/Frameworks/AppKit.framework/Versions/C/AppKit
0x000000000cfa6000 	/System/Library/Frameworks/CoreData.framework/Versions/A/CoreData
0x000000000cfa6000 	/System/Library/PrivateFrameworks/RemoteViewServices.framework/Versions/A/RemoteViewServices
0x000000000cfa6000 	/System/Library/Frameworks/AudioToolbox.framework/Versions/A/AudioToolbox
0x000000000cfa6000 	/System/Library/Frameworks/AudioUnit.framework/Versions/A/AudioUnit
0x000000000cfa6000 	/System/Library/PrivateFrameworks/DataDetectorsCore.framework/Versions/A/DataDetectorsCore
0x000000000cfa6000 	/System/Library/PrivateFrameworks/DesktopServicesPriv.framework/Versions/A/DesktopServicesPriv
0x000000000cfa6000 	/System/Library/Frameworks/Carbon.framework/Versions/A/Frameworks/HIToolbox.framework/Versions/A/HIToolbox
0x000000000cfa6000 	/System/Library/Frameworks/QuartzCore.framework/Versions/A/QuartzCore
0x000000000cfa6000 	/System/Library/Frameworks/Carbon.framework/Versions/A/Frameworks/SpeechRecognition.framework/Versions/A/SpeechRecognition
0x000000000cfa6000 	/usr/lib/libauto.dylib
0x000000000cfa6000 	/usr/lib/libicucore.A.dylib
0x000000000cfa6000 	/usr/lib/libxml2.2.dylib
0x000000000cfa6000 	/System/Library/PrivateFrameworks/CoreUI.framework/Versions/A/CoreUI
0x000000000cfa6000 	/System/Library/Frameworks/CoreAudio.framework/Versions/A/CoreAudio
0x000000000cfa6000 	/System/Library/Frameworks/DiskArbitration.framework/Versions/A/DiskArbitration
0x000000000cfa6000 	/usr/lib/liblangid.dylib
0x000000000cfa6000 	/System/Library/PrivateFrameworks/MultitouchSupport.framework/Versions/A/MultitouchSupport
0x000000000cfa6000 	/System/Library/Frameworks/IOKit.framework/Versions/A/IOKit
0x000000000cfa6000 	/usr/lib/libDiagnosticMessagesClient.dylib
0x000000000cfa6000 	/System/Library/Frameworks/CoreServices.framework/Versions/A/CoreServices
0x000000000cfa6000 	/System/Library/PrivateFrameworks/PerformanceAnalysis.framework/Versions/A/PerformanceAnalysis
0x000000000cfa6000 	/System/Library/PrivateFrameworks/GenerationalStorage.framework/Versions/A/GenerationalStorage
0x000000000cfa6000 	/System/Library/Frameworks/OpenGL.framework/Versions/A/OpenGL
0x000000000cfa6000 	/System/Library/Frameworks/CoreText.framework/Versions/A/CoreText
0x000000000cfa6000 	/System/Library/Frameworks/ImageIO.framework/Versions/A/ImageIO
0x000000000cfa6000 	/System/Library/PrivateFrameworks/Backup.framework/Versions/A/Backup
0x000000000cfa6000 	/System/Library/Frameworks/CFNetwork.framework/Versions/A/CFNetwork
0x000000000cfa6000 	/System/Library/Frameworks/SystemConfiguration.framework/Versions/A/SystemConfiguration
0x000000000cfa6000 	/usr/lib/libCRFSuite.dylib
0x000000000cfa6000 	/System/Library/PrivateFrameworks/TCC.framework/Versions/A/TCC
0x000000000cfa6000 	/usr/lib/libc++.1.dylib
0x000000000cfa6000 	/usr/lib/libc++abi.dylib
0x000000000cfa6000 	/usr/lib/system/libcache.dylib
0x000000000cfa6000 	/usr/lib/system/libcommonCrypto.dylib
0x000000000cfa6000 	/usr/lib/system/libcompiler_rt.dylib
0x000000000cfa6000 	/usr/lib/system/libcopyfile.dylib
0x000000000cfa6000 	/usr/lib/system/libdispatch.dylib
0x000000000cfa6000 	/usr/lib/system/libdnsinfo.dylib
0x000000000cfa6000 	/usr/lib/system/libdyld.dylib
0x000000000cfa6000 	/usr/lib/system/libkeymgr.dylib
0x000000000cfa6000 	/usr/lib/system/liblaunch.dylib
0x000000000cfa6000 	/usr/lib/system/libmacho.dylib
0x000000000cfa6000 	/usr/lib/system/libquarantine.dylib
0x000000000cfa6000 	/usr/lib/system/libremovefile.dylib
0x000000000cfa6000 	/usr/lib/system/libsystem_blocks.dylib
0x000000000cfa6000 	/usr/lib/system/libsystem_c.dylib
0x000000000cfa6000 	/usr/lib/system/libsystem_dnssd.dylib
0x000000000cfa6000 	/usr/lib/system/libsystem_info.dylib
0x000000000cfa6000 	/usr/lib/system/libsystem_kernel.dylib
0x000000000cfa6000 	/usr/lib/system/libsystem_m.dylib
0x000000000cfa6000 	/usr/lib/system/libsystem_network.dylib
0x000000000cfa6000 	/usr/lib/system/libsystem_notify.dylib
0x000000000cfa6000 	/usr/lib/system/libsystem_sandbox.dylib
0x000000000cfa6000 	/usr/lib/system/libunc.dylib
0x000000000cfa6000 	/usr/lib/system/libunwind.dylib
0x000000000cfa6000 	/usr/lib/system/libxpc.dylib
0x000000000cfa6000 	/usr/lib/system/libcorecrypto.dylib
0x000000000cfa6000 	/usr/lib/libstdc++.6.dylib
0x000000000cfa6000 	/usr/lib/libbsm.0.dylib
0x000000000cfa6000 	/usr/lib/libsqlite3.dylib
0x000000000cfa6000 	/usr/lib/libxar.1.dylib
0x000000000cfa6000 	/usr/lib/libpam.2.dylib
0x000000000cfa6000 	/usr/lib/libOpenScriptingUtil.dylib
0x000000000cfa6000 	/usr/lib/libbz2.1.0.dylib
0x000000000cfa6000 	/System/Library/Frameworks/CoreServices.framework/Versions/A/Frameworks/CarbonCore.framework/Versions/A/CarbonCore
0x000000000cfa6000 	/System/Library/Frameworks/CoreServices.framework/Versions/A/Frameworks/Metadata.framework/Versions/A/Metadata
0x000000000cfa6000 	/System/Library/Frameworks/CoreServices.framework/Versions/A/Frameworks/OSServices.framework/Versions/A/OSServices
0x000000000cfa6000 	/System/Library/Frameworks/CoreServices.framework/Versions/A/Frameworks/SearchKit.framework/Versions/A/SearchKit
0x000000000cfa6000 	/System/Library/Frameworks/CoreServices.framework/Versions/A/Frameworks/AE.framework/Versions/A/AE
0x000000000cfa6000 	/System/Library/Frameworks/CoreServices.framework/Versions/A/Frameworks/LaunchServices.framework/Versions/A/LaunchServices
0x000000000cfa6000 	/System/Library/Frameworks/CoreServices.framework/Versions/A/Frameworks/DictionaryServices.framework/Versions/A/DictionaryServices
0x000000000cfa6000 	/System/Library/Frameworks/NetFS.framework/Versions/A/NetFS
0x000000000cfa6000 	/usr/lib/system/libkxld.dylib
0x000000000cfa6000 	/System/Library/PrivateFrameworks/NetAuth.framework/Versions/A/NetAuth
0x000000000cfa6000 	/System/Library/Frameworks/OpenDirectory.framework/Versions/A/Frameworks/CFOpenDirectory.framework/Versions/A/CFOpenDirectory
0x000000000cfa6000 	/usr/lib/libxslt.1.dylib
0x000000000cfa6000 	/System/Library/PrivateFrameworks/FamilyControls.framework/Versions/A/FamilyControls
0x000000000cfa6000 	/System/Library/Frameworks/Carbon.framework/Versions/A/Frameworks/Ink.framework/Versions/A/Ink
0x000000000cfa6000 	/System/Library/Frameworks/ApplicationServices.framework/Versions/A/Frameworks/CoreGraphics.framework/Versions/A/CoreGraphics
0x000000000cfa6000 	/System/Library/Frameworks/ApplicationServices.framework/Versions/A/Frameworks/ATS.framework/Versions/A/ATS
0x000000000cfa6000 	/System/Library/Frameworks/ApplicationServices.framework/Versions/A/Frameworks/ColorSync.framework/Versions/A/ColorSync
0x000000000cfa6000 	/System/Library/Frameworks/ApplicationServices.framework/Versions/A/Frameworks/HIServices.framework/Versions/A/HIServices
0x000000000cfa6000 	/System/Library/Frameworks/ApplicationServices.framework/Versions/A/Frameworks/LangAnalysis.framework/Versions/A/LangAnalysis
0x000000000cfa6000 	/System/Library/Frameworks/ApplicationServices.framework/Versions/A/Frameworks/PrintCore.framework/Versions/A/PrintCore
0x000000000cfa6000 	/System/Library/Frameworks/ApplicationServices.framework/Versions/A/Frameworks/QD.framework/Versions/A/QD
0x000000000cfa6000 	/System/Library/Frameworks/ApplicationServices.framework/Versions/A/Frameworks/SpeechSynthesis.framework/Versions/A/SpeechSynthesis
0x000000000cfa6000 	/System/Library/Frameworks/IOSurface.framework/Versions/A/IOSurface
0x000000000cfa6000 	/System/Library/Frameworks/Accelerate.framework/Versions/A/Accelerate
0x000000000cfa6000 	/System/Library/Frameworks/ApplicationServices.framework/Versions/A/Frameworks/ATS.framework/Versions/A/Resources/libFontParser.dylib
0x000000000cfa6000 	/System/Library/Frameworks/ApplicationServices.framework/Versions/A/Frameworks/ATS.framework/Versions/A/Resources/libFontRegistry.dylib
0x000000000cfa6000 	/System/Library/Frameworks/Accelerate.framework/Versions/A/Frameworks/vImage.framework/Versions/A/vImage
0x000000000cfa6000 	/System/Library/Frameworks/Accelerate.framework/Versions/A/Frameworks/vecLib.framework/Versions/A/vecLib
0x000000000cfa6000 	/System/Library/Frameworks/Accelerate.framework/Versions/A/Frameworks/vecLib.framework/Versions/A/libvDSP.dylib
0x000000000cfa6000 	/System/Library/Frameworks/Accelerate.framework/Versions/A/Frameworks/vecLib.framework/Versions/A/libvMisc.dylib
0x000000000cfa6000 	/System/Library/Frameworks/Accelerate.framework/Versions/A/Frameworks/vecLib.framework/Versions/A/libLAPACK.dylib
0x000000000cfa6000 	/System/Library/Frameworks/Accelerate.framework/Versions/A/Frameworks/vecLib.framework/Versions/A/libBLAS.dylib
0x000000000cfa6000 	/System/Library/Frameworks/ImageIO.framework/Versions/A/Resources/libJPEG.dylib
0x000000000cfa6000 	/System/Library/Frameworks/ImageIO.framework/Versions/A/Resources/libTIFF.dylib
0x000000000cfa6000 	/System/Library/Frameworks/ImageIO.framework/Versions/A/Resources/libPng.dylib
0x000000000cfa6000 	/System/Library/Frameworks/ImageIO.framework/Versions/A/Resources/libGIF.dylib
0x000000000cfa6000 	/System/Library/Frameworks/ImageIO.framework/Versions/A/Resources/libJP2.dylib
0x000000000cfa6000 	/System/Library/Frameworks/ImageIO.framework/Versions/A/Resources/libRadiance.dylib
0x000000000cfa6000 	/usr/lib/libcups.2.dylib
0x000000000cfa6000 	/System/Library/Frameworks/Kerberos.framework/Versions/A/Kerberos
0x000000000cfa6000 	/System/Library/Frameworks/GSS.framework/Versions/A/GSS
0x000000000cfa6000 	/usr/lib/libresolv.9.dylib
0x000000000cfa6000 	/usr/lib/libiconv.2.dylib
0x000000000cfa6000 	/System/Library/PrivateFrameworks/Heimdal.framework/Versions/A/Heimdal
0x000000000cfa6000 	/System/Library/PrivateFrameworks/TrustEvaluationAgent.framework/Versions/A/TrustEvaluationAgent
0x000000000cfa6000 	/System/Library/Frameworks/OpenDirectory.framework/Versions/A/OpenDirectory
0x000000000cfa6000 	/System/Library/PrivateFrameworks/CommonAuth.framework/Versions/A/CommonAuth
0x000000000cfa6000 	/System/Library/PrivateFrameworks/Bom.framework/Versions/A/Bom
0x000000000cfa6000 	/System/Library/Frameworks/CoreVideo.framework/Versions/A/CoreVideo
0x000000000cfa6000 	/System/Library/Frameworks/QuartzCore.framework/Versions/A/Frameworks/CoreImage.framework/Versions/A/CoreImage
0x000000000cfa6000 	/System/Library/Frameworks/QuartzCore.framework/Versions/A/Frameworks/ScalableUserInterface.framework/Versions/A/ScalableUserInterface
0x000000000cfa6000 	/System/Library/Frameworks/OpenGL.framework/Versions/A/Libraries/libGLU.dylib
0x000000000cfa6000 	/System/Library/Frameworks/OpenGL.framework/Versions/A/Libraries/libGFXShared.dylib
0x000000000cfa6000 	/System/Library/Frameworks/OpenGL.framework/Versions/A/Libraries/libGL.dylib
0x000000000cfa6000 	/System/Library/Frameworks/OpenGL.framework/Versions/A/Libraries/libGLImage.dylib
0x000000000cfa6000 	/System/Library/Frameworks/OpenGL.framework/Versions/A/Libraries/libCVMSPluginSupport.dylib
0x000000000cfa6000 	/System/Library/Frameworks/OpenGL.framework/Versions/A/Libraries/libCoreVMClient.dylib
0x000000000cfa6000 	/System/Library/PrivateFrameworks/CrashReporterSupport.framework/Versions/A/CrashReporterSupport
0x000000000cfa6000 	/System/Library/Frameworks/OpenCL.framework/Versions/A/OpenCL
0x000000000cfa6000 	/System/Library/PrivateFrameworks/FaceCoreLight.framework/Versions/A/FaceCoreLight
0x000000000cfa6000 	/System/Library/PrivateFrameworks/AppleFSCompression.framework/Versions/A/AppleFSCompression
0x000000000cfa6000 	/System/Library/PrivateFrameworks/Ubiquity.framework/Versions/A/Ubiquity
0x000000000cfa6000 	/System/Library/Frameworks/ServiceManagement.framework/Versions/A/ServiceManagement
0x000000000cfa6000 	/System/Library/PrivateFrameworks/ChunkingLibrary.framework/Versions/A/ChunkingLibrary
0x000000000cfa6000 	/System/Library/Frameworks/vecLib.framework/Versions/A/vecLib
0x000000000cfa6000 	/System/Library/Frameworks/SecurityFoundation.framework/Versions/A/SecurityFoundation
0x000000000cfa6000 	/System/Library/PrivateFrameworks/CommerceKit.framework/Versions/A/Frameworks/CommerceCore.framework/Versions/A/CommerceCore
0x000000000cfa6000 	/System/Library/PrivateFrameworks/CoreSymbolication.framework/Versions/A/CoreSymbolication
0x000000000cfa6000 	/System/Library/PrivateFrameworks/Symbolication.framework/Versions/A/Symbolication
0x000000000cfa6000 	/System/Library/PrivateFrameworks/DebugSymbols.framework/Versions/A/DebugSymbols
0x0000000105af1000 	/Library/Java/JavaVirtualMachines/jdk1.7.0_40.jdk/Contents/Home/jre/lib/server/libjvm.dylib
0x0000000106646000 	/Library/Java/JavaVirtualMachines/jdk1.7.0_40.jdk/Contents/Home/jre/lib/libverify.dylib
0x0000000106653000 	/Library/Java/JavaVirtualMachines/jdk1.7.0_40.jdk/Contents/Home/jre/lib/libjava.dylib
0x0000000106710000 	/Library/Java/JavaVirtualMachines/jdk1.7.0_40.jdk/Contents/Home/jre/lib/libzip.dylib
0x0000000152cad000 	/System/Library/Frameworks/JavaVM.framework/Frameworks/JavaRuntimeSupport.framework/JavaRuntimeSupport
0x0000000152cc5000 	/System/Library/Frameworks/JavaVM.framework/Versions/A/Frameworks/JavaNativeFoundation.framework/Versions/A/JavaNativeFoundation
0x00000001097f0000 	/System/Library/Frameworks/JavaVM.framework/Versions/A/JavaVM
0x000000000cfa6000 	/System/Library/Frameworks/Carbon.framework/Versions/A/Carbon
0x0000000152cda000 	/System/Library/PrivateFrameworks/JavaLaunching.framework/Versions/A/JavaLaunching
0x000000000cfa6000 	/System/Library/Frameworks/Carbon.framework/Versions/A/Frameworks/CommonPanels.framework/Versions/A/CommonPanels
0x000000000cfa6000 	/System/Library/Frameworks/Carbon.framework/Versions/A/Frameworks/Help.framework/Versions/A/Help
0x000000000cfa6000 	/System/Library/Frameworks/Carbon.framework/Versions/A/Frameworks/ImageCapture.framework/Versions/A/ImageCapture
0x000000000cfa6000 	/System/Library/Frameworks/Carbon.framework/Versions/A/Frameworks/OpenScripting.framework/Versions/A/OpenScripting
0x000000000cfa6000 	/System/Library/Frameworks/Carbon.framework/Versions/A/Frameworks/Print.framework/Versions/A/Print
0x000000000cfa6000 	/System/Library/Frameworks/Carbon.framework/Versions/A/Frameworks/SecurityHI.framework/Versions/A/SecurityHI
0x0000000153409000 	/private/var/folders/89/jf63blpn0cz70qkd7n2p808w0000gn/T/libgdxArcenal/92bf976d/libgdx.dylib
0x000000015346d000 	/Library/Java/JavaVirtualMachines/jdk1.7.0_40.jdk/Contents/Home/jre/lib/libawt.dylib
0x000000015351c000 	/Library/Java/JavaVirtualMachines/jdk1.7.0_40.jdk/Contents/Home/jre/lib/./libmlib_image.dylib
0x00000001535e8000 	/Library/Java/JavaVirtualMachines/jdk1.7.0_40.jdk/Contents/Home/jre/lib/lwawt/liblwawt.dylib
0x000000015369c000 	/Library/Java/JavaVirtualMachines/jdk1.7.0_40.jdk/Contents/Home/jre/lib/libosxapp.dylib
0x00000001536b6000 	/System/Library/Frameworks/ExceptionHandling.framework/Versions/A/ExceptionHandling
0x000000000cfa6000 	/System/Library/PrivateFrameworks/CoreServicesInternal.framework/Versions/A/CoreServicesInternal
0x000000000cfa6000 	/System/Library/PrivateFrameworks/Librarian.framework/Versions/A/Librarian
0x000000000cfa6000 	/System/Library/Frameworks/ApplicationServices.framework/Versions/A/Frameworks/CoreGraphics.framework/Versions/A/Resources/libCSync.A.dylib
0x000000000cfa6000 	/System/Library/Frameworks/ApplicationServices.framework/Versions/A/Frameworks/CoreGraphics.framework/Versions/A/Resources/libRIP.A.dylib
0x000000000cfa6000 	/System/Library/Frameworks/ApplicationServices.framework/Versions/A/Frameworks/CoreGraphics.framework/Versions/A/Resources/libCGXType.A.dylib
0x00000001570d6000 	/Library/Java/JavaVirtualMachines/jdk1.7.0_40.jdk/Contents/Home/jre/lib/libfontmanager.dylib
0x0000000157140000 	/private/var/folders/89/jf63blpn0cz70qkd7n2p808w0000gn/T/libgdxArcenal/75260a42/liblwjgl.jnilib
0x00000001558cd000 	/Library/Java/JavaVirtualMachines/jdk1.7.0_40.jdk/Contents/Home/jre/lib/libjawt.dylib
0x00000001571bb000 	/var/folders/89/jf63blpn0cz70qkd7n2p808w0000gn/T/libgdxArcenal/75260a42/openal.dylib
0x00000000e727b000 	/System/Library/Components/CoreAudio.component/Contents/MacOS/CoreAudio
0x0000000157459000 	/System/Library/Extensions/AppleHDA.kext/Contents/PlugIns/AppleHDAHALPlugIn.bundle/Contents/MacOS/AppleHDAHALPlugIn
0x00000001575e9000 	/System/Library/Frameworks/OpenGL.framework/Resources/GLEngine.bundle/GLEngine
0x00000001577de000 	/System/Library/Frameworks/OpenGL.framework/Versions/A/Libraries/libGLProgrammability.dylib
0x0000000157986000 	/System/Library/Extensions/AppleIntelHD4000GraphicsGLDriver.bundle/Contents/MacOS/AppleIntelHD4000GraphicsGLDriver
0x0000000157f82000 	/System/Library/PrivateFrameworks/IOAccelerator.framework/Versions/A/IOAccelerator
0x0000000157f8f000 	/System/Library/PrivateFrameworks/GPUSupport.framework/Versions/A/Libraries/libGPUSupportMercury.dylib
0x00000001583a2000 	/System/Library/Frameworks/OpenGL.framework/Resources//GLRendererFloat.bundle/GLRendererFloat
0x00000001583d6000 	/System/Library/Frameworks/OpenCL.framework/Versions/A/Libraries/libcldcpuengine.dylib
0x000000000cfa6000 	/System/Library/PrivateFrameworks/DiskImages.framework/Versions/A/DiskImages
0x000000000cfa6000 	/System/Library/Frameworks/DiscRecording.framework/Versions/A/DiscRecording
0x000000000cfa6000 	/usr/lib/libcurl.4.dylib
0x000000000cfa6000 	/System/Library/PrivateFrameworks/MediaKit.framework/Versions/A/MediaKit
0x000000000cfa6000 	/usr/lib/libssl.0.9.8.dylib
0x000000000cfa6000 	/usr/lib/libcrypto.0.9.8.dylib
0x000000000cfa6000 	/System/Library/Frameworks/LDAP.framework/Versions/A/LDAP
0x000000000cfa6000 	/usr/lib/libsasl2.2.dylib

VM Arguments:
jvm_args: -Dfile.encoding=US-ASCII 
java_command: com.bulalo.whackafoe.Main
Launcher Type: SUN_STANDARD

Environment Variables:
PATH=/usr/bin:/bin:/usr/sbin:/sbin
SHELL=/bin/bash

Signal Handlers:
SIGSEGV: [libjvm.dylib+0x524b25], sa_mask[0]=0xfffefeff, sa_flags=0x00000043
SIGBUS: [libjvm.dylib+0x524b25], sa_mask[0]=0xfffefeff, sa_flags=0x00000042
SIGFPE: [libjvm.dylib+0x4180e6], sa_mask[0]=0xfffefeff, sa_flags=0x00000042
SIGPIPE: [libjvm.dylib+0x4180e6], sa_mask[0]=0xfffefeff, sa_flags=0x00000042
SIGXFSZ: [libjvm.dylib+0x4180e6], sa_mask[0]=0xfffefeff, sa_flags=0x00000042
SIGILL: [libjvm.dylib+0x4180e6], sa_mask[0]=0xfffefeff, sa_flags=0x00000042
SIGUSR1: SIG_DFL, sa_mask[0]=0x00000000, sa_flags=0x00000002
SIGUSR2: [libjvm.dylib+0x417bd8], sa_mask[0]=0x00000004, sa_flags=0x00000042
SIGHUP: [libjvm.dylib+0x415e67], sa_mask[0]=0xfffefeff, sa_flags=0x00000042
SIGINT: [libjvm.dylib+0x415e67], sa_mask[0]=0xfffefeff, sa_flags=0x00000042
SIGTERM: [libjvm.dylib+0x415e67], sa_mask[0]=0xfffefeff, sa_flags=0x00000042
SIGQUIT: [libjvm.dylib+0x415e67], sa_mask[0]=0xfffefeff, sa_flags=0x00000042


---------------  S Y S T E M  ---------------

OS:Bsduname:Darwin 12.5.0 Darwin Kernel Version 12.5.0: Sun Sep 29 13:33:47 PDT 2013; root:xnu-2050.48.12~1/RELEASE_X86_64 x86_64
rlimit: STACK 8192k, CORE 0k, NPROC 709, NOFILE 10240, AS infinity
load average:0.64 0.71 0.68

CPU:total 4 (2 cores per cpu, 2 threads per core) family 6 model 58 stepping 9, cmov, cx8, fxsr, mmx, sse, sse2, sse3, ssse3, sse4.1, sse4.2, popcnt, avx, aes, erms, ht, tsc, tscinvbit, tscinv

Memory: 4k page, physical 4194304k(1048576k free)

/proc/meminfo:


vm_info: Java HotSpot(TM) 64-Bit Server VM (24.0-b56) for bsd-amd64 JRE (1.7.0_40-b43), built on Aug 26 2013 21:29:19 by "java_re" with gcc 4.2.1 (Based on Apple Inc. build 5658) (LLVM build 2336.11.00)

time: Sat Feb 22 10:23:40 2014
elapsed time: 3 seconds

